<?xml version="1.0" encoding="UTF-8"?>
<testsuite name="TestShape" tests="2" skipped="0" failures="0" errors="0" timestamp="2021-02-02T17:12:42" hostname="Klementinas-MacBook-Pro.local" time="0.001">
  <properties/>
  <testcase name="testShapeConstructor" classname="TestShape" time="0.0"/>
  <testcase name="testShapeConstructorFunctionality" classname="TestShape" time="0.0"/>
  <system-out><![CDATA[]]></system-out>
  <system-err><![CDATA[]]></system-err>
</testsuite>
